# JRE version: OpenJDK Runtime Environment JBR-21.0.5+8-631.30-jcef (21.0.5+8) (build 21.0.5+8-b631.30)
# Java VM: OpenJDK 64-Bit Server VM JBR-21.0.5+8-631.30-jcef (21.0.5+8-b631.30, mixed mode, sharing, tiered, compressed oops, compressed class ptrs, g1 gc, windows-amd64)
GC Precious Log:
 CardTable entry size: 512
 Card Set container configuration: InlinePtr #cards 4 size 8 Array Of Cards #cards 16 size 48 Howl #buckets 8 coarsen threshold 3686 Howl Bitmap #cards 512 size 80 coarsen threshold 460 Card regions per heap region 1 cards per card region 4096
 CPUs: 12 total, 12 available
 Memory: 32693M
 Large Page Support: Disabled
 NUMA Support: Disabled
 Compressed Oops: Enabled (Zero based)
 Heap Region Size: 2M
 Heap Min Capacity: 128M
 Heap Initial Capacity: 128M
 Heap Max Capacity: 4086M
 Pre-touch: Disabled
 Parallel Workers: 10
 Concurrent Workers: 3
 Concurrent Refinement Workers: 10
 Periodic GC: Disabled
Heap:
 garbage-first heap   total 671744K, used 611468K [0x0000000700a00000, 0x0000000800000000)
  region size 2048K, 118 young (241664K), 4 survivors (8192K)
 Metaspace       used 389052K, committed 394112K, reserved 1441792K
  class space    used 45746K, committed 48064K, reserved 1048576K
GC Heap History (20 events):
Event: 31591.190 GC heap before
{Heap before GC invocations=438 (full 0):
 garbage-first heap   total 610304K, used 571361K [0x0000000700a00000, 0x0000000800000000)
  region size 2048K, 136 young (278528K), 2 survivors (4096K)
 Metaspace       used 388851K, committed 394048K, reserved 1441792K
  class space    used 45722K, committed 48064K, reserved 1048576K
}
Event: 31591.192 GC heap after
{Heap after GC invocations=439 (full 0):
 garbage-first heap   total 610304K, used 297063K [0x0000000700a00000, 0x0000000800000000)
  region size 2048K, 2 young (4096K), 2 survivors (4096K)
 Metaspace       used 388851K, committed 394048K, reserved 1441792K
  class space    used 45722K, committed 48064K, reserved 1048576K
}
Event: 31840.419 GC heap before
{Heap before GC invocations=439 (full 0):
 garbage-first heap   total 610304K, used 569447K [0x0000000700a00000, 0x0000000800000000)
  region size 2048K, 136 young (278528K), 2 survivors (4096K)
 Metaspace       used 388852K, committed 394048K, reserved 1441792K
  class space    used 45722K, committed 48064K, reserved 1048576K
}
Event: 31840.424 GC heap after
{Heap after GC invocations=440 (full 0):
 garbage-first heap   total 610304K, used 297440K [0x0000000700a00000, 0x0000000800000000)
  region size 2048K, 2 young (4096K), 2 survivors (4096K)
 Metaspace       used 388852K, committed 394048K, reserved 1441792K
  class space    used 45722K, committed 48064K, reserved 1048576K
}
Event: 32096.735 GC heap before
{Heap before GC invocations=440 (full 0):
 garbage-first heap   total 610304K, used 571872K [0x0000000700a00000, 0x0000000800000000)
  region size 2048K, 136 young (278528K), 2 survivors (4096K)
 Metaspace       used 388854K, committed 394048K, reserved 1441792K
  class space    used 45723K, committed 48064K, reserved 1048576K
}
Event: 32096.739 GC heap after
{Heap after GC invocations=441 (full 0):
 garbage-first heap   total 610304K, used 296393K [0x0000000700a00000, 0x0000000800000000)
  region size 2048K, 1 young (2048K), 1 survivors (2048K)
 Metaspace       used 388854K, committed 394048K, reserved 1441792K
  class space    used 45723K, committed 48064K, reserved 1048576K
}
Event: 32357.575 GC heap before
{Heap before GC invocations=442 (full 0):
 garbage-first heap   total 610304K, used 574921K [0x0000000700a00000, 0x0000000800000000)
  region size 2048K, 137 young (280576K), 1 survivors (2048K)
 Metaspace       used 388851K, committed 394048K, reserved 1441792K
  class space    used 45722K, committed 48064K, reserved 1048576K
}
Event: 32357.578 GC heap after
{Heap after GC invocations=443 (full 0):
 garbage-first heap   total 610304K, used 296322K [0x0000000700a00000, 0x0000000800000000)
  region size 2048K, 1 young (2048K), 1 survivors (2048K)
 Metaspace       used 388851K, committed 394048K, reserved 1441792K
  class space    used 45722K, committed 48064K, reserved 1048576K
}
Event: 32594.120 GC heap before
{Heap before GC invocations=443 (full 0):
 garbage-first heap   total 610304K, used 576898K [0x0000000700a00000, 0x0000000800000000)
  region size 2048K, 137 young (280576K), 1 survivors (2048K)
 Metaspace       used 388870K, committed 394048K, reserved 1441792K
  class space    used 45722K, committed 48064K, reserved 1048576K
}
Event: 32594.126 GC heap after
{Heap after GC invocations=444 (full 0):
 garbage-first heap   total 610304K, used 303991K [0x0000000700a00000, 0x0000000800000000)
  region size 2048K, 4 young (8192K), 4 survivors (8192K)
 Metaspace       used 388870K, committed 394048K, reserved 1441792K
  class space    used 45722K, committed 48064K, reserved 1048576K
}
Event: 32594.133 GC heap before
{Heap before GC invocations=444 (full 0):
 garbage-first heap   total 610304K, used 306039K [0x0000000700a00000, 0x0000000800000000)
  region size 2048K, 6 young (12288K), 4 survivors (8192K)
 Metaspace       used 388870K, committed 394048K, reserved 1441792K
  class space    used 45722K, committed 48064K, reserved 1048576K
}
Event: 32594.136 GC heap after
{Heap after GC invocations=445 (full 0):
 garbage-first heap   total 610304K, used 301097K [0x0000000700a00000, 0x0000000800000000)
  region size 2048K, 3 young (6144K), 3 survivors (6144K)
 Metaspace       used 388870K, committed 394048K, reserved 1441792K
  class space    used 45722K, committed 48064K, reserved 1048576K
}
Event: 32789.310 GC heap before
{Heap before GC invocations=446 (full 0):
 garbage-first heap   total 610304K, used 534569K [0x0000000700a00000, 0x0000000800000000)
  region size 2048K, 117 young (239616K), 3 survivors (6144K)
 Metaspace       used 389000K, committed 394048K, reserved 1441792K
  class space    used 45737K, committed 48064K, reserved 1048576K
}
Event: 32789.313 GC heap after
{Heap after GC invocations=447 (full 0):
 garbage-first heap   total 610304K, used 302404K [0x0000000700a00000, 0x0000000800000000)
  region size 2048K, 4 young (8192K), 4 survivors (8192K)
 Metaspace       used 389000K, committed 394048K, reserved 1441792K
  class space    used 45737K, committed 48064K, reserved 1048576K
}
Event: 33015.647 GC heap before
{Heap before GC invocations=447 (full 0):
 garbage-first heap   total 610304K, used 544068K [0x0000000700a00000, 0x0000000800000000)
  region size 2048K, 123 young (251904K), 4 survivors (8192K)
 Metaspace       used 389005K, committed 394048K, reserved 1441792K
  class space    used 45737K, committed 48064K, reserved 1048576K
}
Event: 33015.650 GC heap after
{Heap after GC invocations=448 (full 0):
 garbage-first heap   total 610304K, used 297896K [0x0000000700a00000, 0x0000000800000000)
  region size 2048K, 4 young (8192K), 4 survivors (8192K)
 Metaspace       used 389005K, committed 394048K, reserved 1441792K
  class space    used 45737K, committed 48064K, reserved 1048576K
}
Event: 33253.729 GC heap before
{Heap before GC invocations=448 (full 0):
 garbage-first heap   total 610304K, used 553896K [0x0000000700a00000, 0x0000000800000000)
  region size 2048K, 129 young (264192K), 4 survivors (8192K)
 Metaspace       used 389025K, committed 394048K, reserved 1441792K
  class space    used 45740K, committed 48064K, reserved 1048576K
}
Event: 33253.732 GC heap after
{Heap after GC invocations=449 (full 0):
 garbage-first heap   total 610304K, used 297833K [0x0000000700a00000, 0x0000000800000000)
  region size 2048K, 4 young (8192K), 4 survivors (8192K)
 Metaspace       used 389025K, committed 394048K, reserved 1441792K
  class space    used 45740K, committed 48064K, reserved 1048576K
}
Event: 33503.231 GC heap before
{Heap before GC invocations=450 (full 0):
 garbage-first heap   total 610304K, used 562025K [0x0000000700a00000, 0x0000000800000000)
  region size 2048K, 134 young (274432K), 4 survivors (8192K)
 Metaspace       used 389023K, committed 394048K, reserved 1441792K
  class space    used 45739K, committed 48064K, reserved 1048576K
}
Event: 33503.234 GC heap after
{Heap after GC invocations=451 (full 0):
 garbage-first heap   total 610304K, used 298124K [0x0000000700a00000, 0x0000000800000000)
  region size 2048K, 4 young (8192K), 4 survivors (8192K)
 Metaspace       used 389023K, committed 394048K, reserved 1441792K
  class space    used 45739K, committed 48064K, reserved 1048576K
}

